c:\windows\system32\wsplog\efsclipboardctrl.log
c:\windows\system32\wsplog\spphk.log
e:\github\garbage\www.learnopengl.com\opengl\opengl\debug\vc140.pdb
e:\github\garbage\www.learnopengl.com\opengl\opengl\debug\vc140.idb
e:\github\garbage\www.learnopengl.com\opengl\opengl\debug\glad.nativecodeanalysis.xml
e:\github\garbage\www.learnopengl.com\opengl\opengl\debug\glad.obj
e:\github\garbage\www.learnopengl.com\opengl\opengl\debug\camera.nativecodeanalysis.xml
e:\github\garbage\www.learnopengl.com\opengl\opengl\debug\global.nativecodeanalysis.xml
e:\github\garbage\www.learnopengl.com\opengl\opengl\debug\main.nativecodeanalysis.xml
e:\github\garbage\www.learnopengl.com\opengl\opengl\debug\shader.nativecodeanalysis.xml
e:\github\garbage\www.learnopengl.com\opengl\opengl\debug\stb_image_impl.nativecodeanalysis.xml
e:\github\garbage\www.learnopengl.com\opengl\opengl\debug\stb_image_impl.obj
e:\github\garbage\www.learnopengl.com\opengl\opengl\debug\shader.obj
e:\github\garbage\www.learnopengl.com\opengl\opengl\debug\main.obj
e:\github\garbage\www.learnopengl.com\opengl\opengl\debug\global.obj
e:\github\garbage\www.learnopengl.com\opengl\opengl\debug\camera.obj
c:\windows\system32\wsplog\spphk.0.log
e:\github\garbage\www.learnopengl.com\opengl\debug\opengl.ilk
e:\github\garbage\www.learnopengl.com\opengl\debug\opengl.exe
e:\github\garbage\www.learnopengl.com\opengl\debug\opengl.pdb
e:\github\garbage\www.learnopengl.com\opengl\opengl\debug\nativecodeanalysis.read.1.tlog
e:\github\garbage\www.learnopengl.com\opengl\opengl\debug\vc.nativecodeanalysis.all.xml
e:\github\garbage\www.learnopengl.com\opengl\debug\opengl.exe.lastcodeanalysissucceeded
e:\github\garbage\www.learnopengl.com\opengl\opengl\debug\opengl.tlog\cl.command.1.tlog
e:\github\garbage\www.learnopengl.com\opengl\opengl\debug\opengl.tlog\cl.delete.1.tlog
e:\github\garbage\www.learnopengl.com\opengl\opengl\debug\opengl.tlog\cl.read.1.tlog
e:\github\garbage\www.learnopengl.com\opengl\opengl\debug\opengl.tlog\cl.write.1.tlog
e:\github\garbage\www.learnopengl.com\opengl\opengl\debug\opengl.tlog\link.command.1.tlog
e:\github\garbage\www.learnopengl.com\opengl\opengl\debug\opengl.tlog\link.read.1.tlog
e:\github\garbage\www.learnopengl.com\opengl\opengl\debug\opengl.tlog\link.write.1.tlog
